Copyright 1986-2020 Xilinx, Inc. All Rights Reserved.
------------------------------------------------------------------------------------
| Tool Version : Vivado v.2020.1 (win64) Build 2902540 Wed May 27 19:54:49 MDT 2020
| Date         : Wed Dec 30 16:58:18 2020
| Host         : DESKTOP-98J7JVM running 64-bit major release  (build 9200)
| Command      : upgrade_ip
| Device       : xc7z007sclg225-1
------------------------------------------------------------------------------------

Upgrade Log for IP 'design_1_ps7_0_axi_periph_0'

1. Summary
----------

SUCCESS in the upgrade of design_1_ps7_0_axi_periph_0 (xilinx.com:ip:axi_interconnect:2.1) from (Rev. 21) to (Rev. 22)






Copyright 1986-2020 Xilinx, Inc. All Rights Reserved.
------------------------------------------------------------------------------------
| Tool Version : Vivado v.2020.1 (win64) Build 2902540 Wed May 27 19:54:49 MDT 2020
| Date         : Wed Dec 30 16:58:18 2020
| Host         : DESKTOP-98J7JVM running 64-bit major release  (build 9200)
| Command      : upgrade_ip
| Device       : xc7z007sclg225-1
------------------------------------------------------------------------------------

Upgrade Log for IP 'design_1_clk_wiz_0_0'

1. Summary
----------

SUCCESS in the upgrade of design_1_clk_wiz_0_0 (xilinx.com:ip:clk_wiz:6.0) from (Rev. 4) to (Rev. 5)

