
*** Running vivado
    with args -log design_1_rotary_encoder_0_0.vds -m64 -product Vivado -mode batch -messageDb vivado.pb -notrace -source design_1_rotary_encoder_0_0.tcl



****** Vivado v2020.1 (64-bit)
  **** SW Build 2902540 on Wed May 27 19:54:49 MDT 2020
  **** IP Build 2902112 on Wed May 27 22:43:36 MDT 2020
    ** Copyright 1986-2020 Xilinx, Inc. All Rights Reserved.

source design_1_rotary_encoder_0_0.tcl -notrace
INFO: [IP_Flow 19-234] Refreshing IP repositories
INFO: [IP_Flow 19-1700] Loaded user IP repository 'e:/school/EOS/Opdracht/EOS/ip_repo'.
INFO: [IP_Flow 19-2313] Loaded Vivado IP repository 'C:/Xilinx/Vivado/2020.1/data/ip'.
Command: synth_design -top design_1_rotary_encoder_0_0 -part xc7z007sclg225-1 -mode out_of_context
Starting synth_design
Attempting to get a license for feature 'Synthesis' and/or device 'xc7z007s'
INFO: [Common 17-349] Got license for feature 'Synthesis' and/or device 'xc7z007s'
INFO: [Device 21-403] Loading part xc7z007sclg225-1
INFO: [Synth 8-7079] Multithreading enabled for synth_design using a maximum of 2 processes.
INFO: [Synth 8-7078] Launching helper process for spawning children vivado processes
INFO: [Synth 8-7075] Helper process launched with PID 17464
---------------------------------------------------------------------------------
Starting RTL Elaboration : Time (s): cpu = 00:00:04 ; elapsed = 00:00:05 . Memory (MB): peak = 1059.191 ; gain = 0.000
---------------------------------------------------------------------------------
INFO: [Synth 8-638] synthesizing module 'design_1_rotary_encoder_0_0' [e:/school/EOS/Opdracht/EOS/Game_EOS/Game_EOS.srcs/sources_1/bd/design_1/ip/design_1_rotary_encoder_0_0/synth/design_1_rotary_encoder_0_0.vhd:85]
	Parameter C_S00_AXI_DATA_WIDTH bound to: 32 - type: integer 
	Parameter C_S00_AXI_ADDR_WIDTH bound to: 4 - type: integer 
INFO: [Synth 8-3491] module 'rotary_encoder_v1_0' declared at 'e:/school/EOS/Opdracht/EOS/Game_EOS/Game_EOS.srcs/sources_1/bd/design_1/ipshared/c3aa/hdl/rotary_encoder_v1_0.vhd:5' bound to instance 'U0' of component 'rotary_encoder_v1_0' [e:/school/EOS/Opdracht/EOS/Game_EOS/Game_EOS.srcs/sources_1/bd/design_1/ip/design_1_rotary_encoder_0_0/synth/design_1_rotary_encoder_0_0.vhd:156]
INFO: [Synth 8-638] synthesizing module 'rotary_encoder_v1_0' [e:/school/EOS/Opdracht/EOS/Game_EOS/Game_EOS.srcs/sources_1/bd/design_1/ipshared/c3aa/hdl/rotary_encoder_v1_0.vhd:51]
	Parameter C_S00_AXI_DATA_WIDTH bound to: 32 - type: integer 
	Parameter C_S00_AXI_ADDR_WIDTH bound to: 4 - type: integer 
	Parameter C_S_AXI_DATA_WIDTH bound to: 32 - type: integer 
	Parameter C_S_AXI_ADDR_WIDTH bound to: 4 - type: integer 
INFO: [Synth 8-3491] module 'rotary_encoder_v1_0_S00_AXI' declared at 'e:/school/EOS/Opdracht/EOS/Game_EOS/Game_EOS.srcs/sources_1/bd/design_1/ipshared/c3aa/hdl/rotary_encoder_v1_0_S00_AXI.vhd:5' bound to instance 'rotary_encoder_v1_0_S00_AXI_inst' of component 'rotary_encoder_v1_0_S00_AXI' [e:/school/EOS/Opdracht/EOS/Game_EOS/Game_EOS.srcs/sources_1/bd/design_1/ipshared/c3aa/hdl/rotary_encoder_v1_0.vhd:90]
INFO: [Synth 8-638] synthesizing module 'rotary_encoder_v1_0_S00_AXI' [e:/school/EOS/Opdracht/EOS/Game_EOS/Game_EOS.srcs/sources_1/bd/design_1/ipshared/c3aa/hdl/rotary_encoder_v1_0_S00_AXI.vhd:88]
	Parameter C_S_AXI_DATA_WIDTH bound to: 32 - type: integer 
	Parameter C_S_AXI_ADDR_WIDTH bound to: 4 - type: integer 
INFO: [Synth 8-226] default block is never used [e:/school/EOS/Opdracht/EOS/Game_EOS/Game_EOS.srcs/sources_1/bd/design_1/ipshared/c3aa/hdl/rotary_encoder_v1_0_S00_AXI.vhd:236]
INFO: [Synth 8-226] default block is never used [e:/school/EOS/Opdracht/EOS/Game_EOS/Game_EOS.srcs/sources_1/bd/design_1/ipshared/c3aa/hdl/rotary_encoder_v1_0_S00_AXI.vhd:366]
WARNING: [Synth 8-614] signal 'cnt_i' is read in the process but is not in the sensitivity list [e:/school/EOS/Opdracht/EOS/Game_EOS/Game_EOS.srcs/sources_1/bd/design_1/ipshared/c3aa/hdl/rotary_encoder_v1_0_S00_AXI.vhd:361]
INFO: [Synth 8-3491] module 'RotaryEncoderWithCounter' declared at 'e:/school/EOS/Opdracht/EOS/Game_EOS/Game_EOS.srcs/sources_1/bd/design_1/ipshared/c3aa/src/encoder.vhd:36' bound to instance 'rotaryEn' of component 'RotaryEncoderWithCounter' [e:/school/EOS/Opdracht/EOS/Game_EOS/Game_EOS.srcs/sources_1/bd/design_1/ipshared/c3aa/hdl/rotary_encoder_v1_0_S00_AXI.vhd:401]
INFO: [Synth 8-638] synthesizing module 'RotaryEncoderWithCounter' [e:/school/EOS/Opdracht/EOS/Game_EOS/Game_EOS.srcs/sources_1/bd/design_1/ipshared/c3aa/src/encoder.vhd:49]
	Parameter INITIAL_CNT_G bound to: 0 - type: integer 
INFO: [Synth 8-3491] module 'RotaryEncoder' declared at 'e:/school/EOS/Opdracht/EOS/Game_EOS/Game_EOS.srcs/sources_1/bd/design_1/ipshared/c3aa/src/encoder.vhd:91' bound to instance 'u0' of component 'RotaryEncoder' [e:/school/EOS/Opdracht/EOS/Game_EOS/Game_EOS.srcs/sources_1/bd/design_1/ipshared/c3aa/src/encoder.vhd:55]
INFO: [Synth 8-638] synthesizing module 'RotaryEncoder' [e:/school/EOS/Opdracht/EOS/Game_EOS/Game_EOS.srcs/sources_1/bd/design_1/ipshared/c3aa/src/encoder.vhd:101]
INFO: [Synth 8-256] done synthesizing module 'RotaryEncoder' (1#1) [e:/school/EOS/Opdracht/EOS/Game_EOS/Game_EOS.srcs/sources_1/bd/design_1/ipshared/c3aa/src/encoder.vhd:101]
INFO: [Synth 8-256] done synthesizing module 'RotaryEncoderWithCounter' (2#1) [e:/school/EOS/Opdracht/EOS/Game_EOS/Game_EOS.srcs/sources_1/bd/design_1/ipshared/c3aa/src/encoder.vhd:49]
INFO: [Synth 8-256] done synthesizing module 'rotary_encoder_v1_0_S00_AXI' (3#1) [e:/school/EOS/Opdracht/EOS/Game_EOS/Game_EOS.srcs/sources_1/bd/design_1/ipshared/c3aa/hdl/rotary_encoder_v1_0_S00_AXI.vhd:88]
INFO: [Synth 8-256] done synthesizing module 'rotary_encoder_v1_0' (4#1) [e:/school/EOS/Opdracht/EOS/Game_EOS/Game_EOS.srcs/sources_1/bd/design_1/ipshared/c3aa/hdl/rotary_encoder_v1_0.vhd:51]
INFO: [Synth 8-256] done synthesizing module 'design_1_rotary_encoder_0_0' (5#1) [e:/school/EOS/Opdracht/EOS/Game_EOS/Game_EOS.srcs/sources_1/bd/design_1/ip/design_1_rotary_encoder_0_0/synth/design_1_rotary_encoder_0_0.vhd:85]
---------------------------------------------------------------------------------
Finished RTL Elaboration : Time (s): cpu = 00:00:05 ; elapsed = 00:00:06 . Memory (MB): peak = 1059.191 ; gain = 0.000
---------------------------------------------------------------------------------
---------------------------------------------------------------------------------
Start Handling Custom Attributes
---------------------------------------------------------------------------------
---------------------------------------------------------------------------------
Finished Handling Custom Attributes : Time (s): cpu = 00:00:06 ; elapsed = 00:00:06 . Memory (MB): peak = 1059.191 ; gain = 0.000
---------------------------------------------------------------------------------
---------------------------------------------------------------------------------
Finished RTL Optimization Phase 1 : Time (s): cpu = 00:00:06 ; elapsed = 00:00:06 . Memory (MB): peak = 1059.191 ; gain = 0.000
---------------------------------------------------------------------------------
Netlist sorting complete. Time (s): cpu = 00:00:00 ; elapsed = 00:00:00.009 . Memory (MB): peak = 1059.191 ; gain = 0.000
INFO: [Project 1-570] Preparing netlist for logic optimization

Processing XDC Constraints
Initializing timing engine
Completed Processing XDC Constraints

Netlist sorting complete. Time (s): cpu = 00:00:00 ; elapsed = 00:00:00 . Memory (MB): peak = 1119.930 ; gain = 0.000
INFO: [Project 1-111] Unisim Transformation Summary:
No Unisim elements were transformed.

Constraint Validation Runtime : Time (s): cpu = 00:00:00 ; elapsed = 00:00:00.023 . Memory (MB): peak = 1120.016 ; gain = 0.086
---------------------------------------------------------------------------------
Finished Constraint Validation : Time (s): cpu = 00:00:11 ; elapsed = 00:00:11 . Memory (MB): peak = 1120.016 ; gain = 60.824
---------------------------------------------------------------------------------
---------------------------------------------------------------------------------
Start Loading Part and Timing Information
---------------------------------------------------------------------------------
Loading part: xc7z007sclg225-1
---------------------------------------------------------------------------------
Finished Loading Part and Timing Information : Time (s): cpu = 00:00:11 ; elapsed = 00:00:11 . Memory (MB): peak = 1120.016 ; gain = 60.824
---------------------------------------------------------------------------------
---------------------------------------------------------------------------------
Start Applying 'set_property' XDC Constraints
---------------------------------------------------------------------------------
---------------------------------------------------------------------------------
Finished applying 'set_property' XDC Constraints : Time (s): cpu = 00:00:11 ; elapsed = 00:00:11 . Memory (MB): peak = 1120.016 ; gain = 60.824
---------------------------------------------------------------------------------
---------------------------------------------------------------------------------
Finished RTL Optimization Phase 2 : Time (s): cpu = 00:00:11 ; elapsed = 00:00:12 . Memory (MB): peak = 1120.016 ; gain = 60.824
---------------------------------------------------------------------------------
---------------------------------------------------------------------------------
Start RTL Component Statistics 
---------------------------------------------------------------------------------
Detailed RTL Component Info : 
+---XORs : 
	   4 Input      1 Bit         XORs := 1     
	   2 Input      1 Bit         XORs := 1     
+---Registers : 
	               32 Bit    Registers := 4     
	                4 Bit    Registers := 2     
	                3 Bit    Registers := 2     
	                2 Bit    Registers := 2     
	                1 Bit    Registers := 6     
+---Muxes : 
	   2 Input   32 Bit        Muxes := 3     
	   4 Input   32 Bit        Muxes := 4     
	   2 Input    1 Bit        Muxes := 5     
---------------------------------------------------------------------------------
Finished RTL Component Statistics 
---------------------------------------------------------------------------------
---------------------------------------------------------------------------------
Start Part Resource Summary
---------------------------------------------------------------------------------
Part Resources:
DSPs: 66 (col length:40)
BRAMs: 100 (col length: RAMB18 40 RAMB36 20)
---------------------------------------------------------------------------------
Finished Part Resource Summary
---------------------------------------------------------------------------------
---------------------------------------------------------------------------------
Start Cross Boundary and Area Optimization
---------------------------------------------------------------------------------
---------------------------------------------------------------------------------
Finished Cross Boundary and Area Optimization : Time (s): cpu = 00:00:12 ; elapsed = 00:00:13 . Memory (MB): peak = 1120.016 ; gain = 60.824
---------------------------------------------------------------------------------
---------------------------------------------------------------------------------
Start Applying XDC Timing Constraints
---------------------------------------------------------------------------------
---------------------------------------------------------------------------------
Finished Applying XDC Timing Constraints : Time (s): cpu = 00:00:19 ; elapsed = 00:00:20 . Memory (MB): peak = 1120.016 ; gain = 60.824
---------------------------------------------------------------------------------
---------------------------------------------------------------------------------
Start Timing Optimization
---------------------------------------------------------------------------------
---------------------------------------------------------------------------------
Finished Timing Optimization : Time (s): cpu = 00:00:19 ; elapsed = 00:00:20 . Memory (MB): peak = 1120.016 ; gain = 60.824
---------------------------------------------------------------------------------
---------------------------------------------------------------------------------
Start Technology Mapping
---------------------------------------------------------------------------------
---------------------------------------------------------------------------------
Finished Technology Mapping : Time (s): cpu = 00:00:19 ; elapsed = 00:00:20 . Memory (MB): peak = 1120.016 ; gain = 60.824
---------------------------------------------------------------------------------
---------------------------------------------------------------------------------
Start IO Insertion
---------------------------------------------------------------------------------
---------------------------------------------------------------------------------
Start Flattening Before IO Insertion
---------------------------------------------------------------------------------
---------------------------------------------------------------------------------
Finished Flattening Before IO Insertion
---------------------------------------------------------------------------------
---------------------------------------------------------------------------------
Start Final Netlist Cleanup
---------------------------------------------------------------------------------
---------------------------------------------------------------------------------
Finished Final Netlist Cleanup
---------------------------------------------------------------------------------
---------------------------------------------------------------------------------
Finished IO Insertion : Time (s): cpu = 00:00:22 ; elapsed = 00:00:23 . Memory (MB): peak = 1120.016 ; gain = 60.824
---------------------------------------------------------------------------------
---------------------------------------------------------------------------------
Start Renaming Generated Instances
---------------------------------------------------------------------------------
---------------------------------------------------------------------------------
Finished Renaming Generated Instances : Time (s): cpu = 00:00:22 ; elapsed = 00:00:23 . Memory (MB): peak = 1120.016 ; gain = 60.824
---------------------------------------------------------------------------------
---------------------------------------------------------------------------------
Start Rebuilding User Hierarchy
---------------------------------------------------------------------------------
---------------------------------------------------------------------------------
Finished Rebuilding User Hierarchy : Time (s): cpu = 00:00:22 ; elapsed = 00:00:23 . Memory (MB): peak = 1120.016 ; gain = 60.824
---------------------------------------------------------------------------------
---------------------------------------------------------------------------------
Start Renaming Generated Ports
---------------------------------------------------------------------------------
---------------------------------------------------------------------------------
Finished Renaming Generated Ports : Time (s): cpu = 00:00:22 ; elapsed = 00:00:23 . Memory (MB): peak = 1120.016 ; gain = 60.824
---------------------------------------------------------------------------------
---------------------------------------------------------------------------------
Start Handling Custom Attributes
---------------------------------------------------------------------------------
---------------------------------------------------------------------------------
Finished Handling Custom Attributes : Time (s): cpu = 00:00:22 ; elapsed = 00:00:23 . Memory (MB): peak = 1120.016 ; gain = 60.824
---------------------------------------------------------------------------------
---------------------------------------------------------------------------------
Start Renaming Generated Nets
---------------------------------------------------------------------------------
---------------------------------------------------------------------------------
Finished Renaming Generated Nets : Time (s): cpu = 00:00:22 ; elapsed = 00:00:23 . Memory (MB): peak = 1120.016 ; gain = 60.824
---------------------------------------------------------------------------------
---------------------------------------------------------------------------------
Start Writing Synthesis Report
---------------------------------------------------------------------------------

Report BlackBoxes: 
+-+--------------+----------+
| |BlackBox name |Instances |
+-+--------------+----------+
+-+--------------+----------+

Report Cell Usage: 
+------+-------+------+
|      |Cell   |Count |
+------+-------+------+
|1     |CARRY4 |     8|
|2     |LUT1   |     3|
|3     |LUT2   |     1|
|4     |LUT3   |    32|
|5     |LUT4   |    19|
|6     |LUT6   |    36|
|7     |FDRE   |   173|
|8     |FDSE   |     3|
+------+-------+------+
---------------------------------------------------------------------------------
Finished Writing Synthesis Report : Time (s): cpu = 00:00:22 ; elapsed = 00:00:23 . Memory (MB): peak = 1120.016 ; gain = 60.824
---------------------------------------------------------------------------------
Synthesis finished with 0 errors, 0 critical warnings and 0 warnings.
Synthesis Optimization Runtime : Time (s): cpu = 00:00:15 ; elapsed = 00:00:22 . Memory (MB): peak = 1120.016 ; gain = 0.000
Synthesis Optimization Complete : Time (s): cpu = 00:00:22 ; elapsed = 00:00:23 . Memory (MB): peak = 1120.016 ; gain = 60.824
INFO: [Project 1-571] Translating synthesized netlist
Netlist sorting complete. Time (s): cpu = 00:00:00 ; elapsed = 00:00:00.007 . Memory (MB): peak = 1120.016 ; gain = 0.000
INFO: [Netlist 29-17] Analyzing 8 Unisim elements for replacement
INFO: [Netlist 29-28] Unisim Transformation completed in 0 CPU seconds
INFO: [Project 1-570] Preparing netlist for logic optimization
INFO: [Opt 31-138] Pushed 0 inverter(s) to 0 load pin(s).
Netlist sorting complete. Time (s): cpu = 00:00:00 ; elapsed = 00:00:00 . Memory (MB): peak = 1129.641 ; gain = 0.000
INFO: [Project 1-111] Unisim Transformation Summary:
No Unisim elements were transformed.

INFO: [Common 17-83] Releasing license: Synthesis
33 Infos, 1 Warnings, 0 Critical Warnings and 0 Errors encountered.
synth_design completed successfully
synth_design: Time (s): cpu = 00:00:27 ; elapsed = 00:00:30 . Memory (MB): peak = 1129.641 ; gain = 70.449
INFO: [Common 17-1381] The checkpoint 'E:/school/EOS/Opdracht/EOS/Game_EOS/Game_EOS.runs/design_1_rotary_encoder_0_0_synth_1/design_1_rotary_encoder_0_0.dcp' has been generated.
WARNING: [Common 17-576] 'use_project_ipc' is deprecated. This option is deprecated and no longer used.
INFO: [Coretcl 2-1648] Added synthesis output to IP cache for IP design_1_rotary_encoder_0_0, cache-ID = 76e38b724f9246b4
INFO: [Coretcl 2-1174] Renamed 4 cell refs.
INFO: [Common 17-1381] The checkpoint 'E:/school/EOS/Opdracht/EOS/Game_EOS/Game_EOS.runs/design_1_rotary_encoder_0_0_synth_1/design_1_rotary_encoder_0_0.dcp' has been generated.
INFO: [runtcl-4] Executing : report_utilization -file design_1_rotary_encoder_0_0_utilization_synth.rpt -pb design_1_rotary_encoder_0_0_utilization_synth.pb
INFO: [Common 17-206] Exiting Vivado at Tue Jan  5 14:23:16 2021...
