#-----------------------------------------------------------
# Vivado v2020.1 (64-bit)
# SW Build 2902540 on Wed May 27 19:54:49 MDT 2020
# IP Build 2902112 on Wed May 27 22:43:36 MDT 2020
# Start of session at: Tue Jan  5 14:09:06 2021
# Process ID: 10992
# Current directory: E:/school/EOS/Opdracht/EOS/ip_repo
# Command line: vivado.exe -gui_launcher_event rodinguilauncherevent11340 E:\school\EOS\Opdracht\EOS\ip_repo\edit_Matrix_v1_0.xpr
# Log file: E:/school/EOS/Opdracht/EOS/ip_repo/vivado.log
# Journal file: E:/school/EOS/Opdracht/EOS/ip_repo\vivado.jou
#-----------------------------------------------------------
start_gui
open_project E:/school/EOS/Opdracht/EOS/ip_repo/edit_Matrix_v1_0.xpr
Scanning sources...
Finished scanning sources
WARNING: [filemgmt 56-3] Default IP Output Path : Could not find the directory 'E:/school/EOS/Opdracht/EOS/ip_repo/edit_Matrix_v1_0.srcs/sources_1'.
INFO: [IP_Flow 19-234] Refreshing IP repositories
INFO: [IP_Flow 19-1700] Loaded user IP repository 'e:/school/EOS/Opdracht/EOS/ip_repo/Matrix_1.0'.
INFO: [IP_Flow 19-1700] Loaded user IP repository 'e:/school/EOS/Opdracht/EOS/ip_repo/rotary_encoder_1.0'.
INFO: [IP_Flow 19-1700] Loaded user IP repository 'e:/school/EOS/Opdracht/EOS/Rotary encoder/ipblok/ip_repo'.
INFO: [IP_Flow 19-1700] Loaded user IP repository 'e:/school/EOS/Opdracht/EOS/LEDmatrix_ipblok/ip_repo'.
INFO: [IP_Flow 19-2313] Loaded Vivado IP repository 'C:/Xilinx/Vivado/2020.1/data/ip'.
exit
INFO: [Common 17-206] Exiting Vivado at Tue Jan  5 14:09:22 2021...
