Copyright 1986-2020 Xilinx, Inc. All Rights Reserved.
---------------------------------------------------------------------------------------------
| Tool Version : Vivado v.2020.1.1 (win64) Build 2960000 Wed Aug  5 22:57:20 MDT 2020
| Date         : Sun Jan 10 20:24:38 2021
| Host         : DESKTOP-1KM19P5 running 64-bit major release  (build 9200)
| Command      : report_control_sets -verbose -file design_1_wrapper_control_sets_placed.rpt
| Design       : design_1_wrapper
| Device       : xc7z007s
---------------------------------------------------------------------------------------------

Control Set Information

Table of Contents
-----------------
1. Summary
2. Histogram
3. Flip-Flop Distribution
4. Detailed Control Set Information

1. Summary
----------

+----------------------------------------------------------+-------+
|                          Status                          | Count |
+----------------------------------------------------------+-------+
| Total control sets                                       |    66 |
|    Minimum number of control sets                        |    66 |
|    Addition due to synthesis replication                 |     0 |
|    Addition due to physical synthesis replication        |     0 |
| Unused register locations in slices containing registers |   106 |
+----------------------------------------------------------+-------+
* Control sets can be merged at opt_design using control_set_merge or merge_equivalent_drivers
** Run report_qor_suggestions for automated merging and remapping suggestions


2. Histogram
------------

+--------------------+-------+
|       Fanout       | Count |
+--------------------+-------+
| Total control sets |    66 |
| >= 0 to < 4        |     1 |
| >= 4 to < 6        |     9 |
| >= 6 to < 8        |     1 |
| >= 8 to < 10       |    29 |
| >= 10 to < 12      |     5 |
| >= 12 to < 14      |     1 |
| >= 14 to < 16      |     2 |
| >= 16              |    18 |
+--------------------+-------+
* Control sets can be remapped at either synth_design or opt_design


3. Flip-Flop Distribution
-------------------------

+--------------+-----------------------+------------------------+-----------------+--------------+
| Clock Enable | Synchronous Set/Reset | Asynchronous Set/Reset | Total Registers | Total Slices |
+--------------+-----------------------+------------------------+-----------------+--------------+
| No           | No                    | No                     |             174 |           48 |
| No           | No                    | Yes                    |               0 |            0 |
| No           | Yes                   | No                     |              53 |           20 |
| Yes          | No                    | No                     |             409 |           86 |
| Yes          | No                    | Yes                    |               0 |            0 |
| Yes          | Yes                   | No                     |             394 |           96 |
+--------------+-----------------------+------------------------+-----------------+--------------+


4. Detailed Control Set Information
-----------------------------------

+-------------------------------------------------+----------------------------------------------------------------------------------------------------------------------------------------------------------------+-------------------------------------------------------------------------------------------------------------------------------------+------------------+----------------+--------------+
|                   Clock Signal                  |                                                                          Enable Signal                                                                         |                                                           Set/Reset Signal                                                          | Slice Load Count | Bel Load Count | Bels / Slice |
+-------------------------------------------------+----------------------------------------------------------------------------------------------------------------------------------------------------------------+-------------------------------------------------------------------------------------------------------------------------------------+------------------+----------------+--------------+
|  design_1_i/processing_system7_0/inst/FCLK_CLK0 | design_1_i/ps7_0_axi_periph/s00_couplers/auto_pc/inst/gen_axilite.gen_b2s_conv.axilite_b2s/WR.b_channel_0/bid_fifo_0/bresp_push                                |                                                                                                                                     |                1 |              2 |         2.00 |
|  design_1_i/processing_system7_0/inst/FCLK_CLK0 |                                                                                                                                                                | design_1_i/rst_ps7_0_50M/U0/EXT_LPF/lpf_int                                                                                         |                1 |              4 |         4.00 |
|  design_1_i/processing_system7_0/inst/FCLK_CLK0 | design_1_i/ps7_0_axi_periph/s00_couplers/auto_pc/inst/gen_axilite.gen_b2s_conv.axilite_b2s/WR.aw_channel_0/cmd_translator_0/incr_cmd_0/axaddr_incr[11]_i_1_n_0 |                                                                                                                                     |                1 |              4 |         4.00 |
|  design_1_i/processing_system7_0/inst/FCLK_CLK0 |                                                                                                                                                                | design_1_i/ps7_0_axi_periph/s00_couplers/auto_pc/inst/gen_axilite.gen_b2s_conv.axilite_b2s/SI_REG/ar.ar_pipe/aresetn_d_reg[1]_inv_0 |                2 |              4 |         2.00 |
|  design_1_i/processing_system7_0/inst/FCLK_CLK0 | design_1_i/ps7_0_axi_periph/s00_couplers/auto_pc/inst/gen_axilite.gen_b2s_conv.axilite_b2s/RD.ar_channel_0/ar_cmd_fsm_0/sel_first_reg[0]                       |                                                                                                                                     |                1 |              4 |         4.00 |
|  design_1_i/processing_system7_0/inst/FCLK_CLK0 | design_1_i/ps7_0_axi_periph/s00_couplers/auto_pc/inst/gen_axilite.gen_b2s_conv.axilite_b2s/WR.aw_channel_0/aw_cmd_fsm_0/FSM_sequential_state_reg[1]_0[0]       |                                                                                                                                     |                2 |              4 |         2.00 |
|  design_1_i/processing_system7_0/inst/FCLK_CLK0 |                                                                                                                                                                | design_1_i/ps7_0_axi_periph/s00_couplers/auto_pc/inst/gen_axilite.gen_b2s_conv.axilite_b2s/SI_REG/aw.aw_pipe/aresetn_d_reg[0]_0     |                3 |              4 |         1.33 |
|  design_1_i/processing_system7_0/inst/FCLK_CLK0 | design_1_i/ps7_0_axi_periph/s00_couplers/auto_pc/inst/gen_axilite.gen_b2s_conv.axilite_b2s/RD.ar_channel_0/ar_cmd_fsm_0/E[0]                                   |                                                                                                                                     |                1 |              4 |         4.00 |
|  design_1_i/processing_system7_0/inst/FCLK_CLK0 | design_1_i/ps7_0_axi_periph/s00_couplers/auto_pc/inst/gen_axilite.gen_b2s_conv.axilite_b2s/RD.r_channel_0/rd_data_fifo_0/cnt_read[4]_i_1_n_0                   | design_1_i/ps7_0_axi_periph/s00_couplers/auto_pc/inst/gen_axilite.gen_b2s_conv.axilite_b2s/areset_d1                                |                2 |              5 |         2.50 |
|  design_1_i/processing_system7_0/inst/FCLK_CLK0 | design_1_i/ps7_0_axi_periph/s00_couplers/auto_pc/inst/gen_axilite.gen_b2s_conv.axilite_b2s/RD.r_channel_0/transaction_fifo_0/cnt_read[4]_i_1__0_n_0            | design_1_i/ps7_0_axi_periph/s00_couplers/auto_pc/inst/gen_axilite.gen_b2s_conv.axilite_b2s/areset_d1                                |                2 |              5 |         2.50 |
|  design_1_i/processing_system7_0/inst/FCLK_CLK0 | design_1_i/rst_ps7_0_50M/U0/SEQ/seq_cnt_en                                                                                                                     | design_1_i/rst_ps7_0_50M/U0/SEQ/SEQ_COUNTER/clear                                                                                   |                1 |              6 |         6.00 |
|  design_1_i/processing_system7_0/inst/FCLK_CLK0 | design_1_i/MATRIX_IPBLOK_DEF_0/U0/MATRIX_IPBLOK_DEF_v1_0_S00_AXI_inst/p_1_in[31]                                                                               | design_1_i/MATRIX_IPBLOK_DEF_0/U0/MATRIX_IPBLOK_DEF_v1_0_S00_AXI_inst/axi_awready_i_1_n_0                                           |                1 |              8 |         8.00 |
|  design_1_i/processing_system7_0/inst/FCLK_CLK0 | design_1_i/my_rotary_en_0/U0/my_rotary_en_v1_0_S00_AXI_inst/slv_reg0[23]_i_1_n_0                                                                               | design_1_i/my_rotary_en_0/U0/my_rotary_en_v1_0_S00_AXI_inst/axi_awready_i_1_n_0                                                     |                3 |              8 |         2.67 |
|  design_1_i/processing_system7_0/inst/FCLK_CLK0 | design_1_i/my_rotary_en_0/U0/my_rotary_en_v1_0_S00_AXI_inst/slv_reg1[23]_i_1_n_0                                                                               | design_1_i/my_rotary_en_0/U0/my_rotary_en_v1_0_S00_AXI_inst/axi_awready_i_1_n_0                                                     |                2 |              8 |         4.00 |
|  design_1_i/processing_system7_0/inst/FCLK_CLK0 | design_1_i/my_rotary_en_0/U0/my_rotary_en_v1_0_S00_AXI_inst/slv_reg1[15]_i_1_n_0                                                                               | design_1_i/my_rotary_en_0/U0/my_rotary_en_v1_0_S00_AXI_inst/axi_awready_i_1_n_0                                                     |                1 |              8 |         8.00 |
|  design_1_i/processing_system7_0/inst/FCLK_CLK0 | design_1_i/my_rotary_en_0/U0/my_rotary_en_v1_0_S00_AXI_inst/slv_reg0[15]_i_1_n_0                                                                               | design_1_i/my_rotary_en_0/U0/my_rotary_en_v1_0_S00_AXI_inst/axi_awready_i_1_n_0                                                     |                1 |              8 |         8.00 |
|  design_1_i/processing_system7_0/inst/FCLK_CLK0 | design_1_i/my_rotary_en_0/U0/my_rotary_en_v1_0_S00_AXI_inst/slv_reg0[31]_i_1_n_0                                                                               | design_1_i/my_rotary_en_0/U0/my_rotary_en_v1_0_S00_AXI_inst/axi_awready_i_1_n_0                                                     |                1 |              8 |         8.00 |
|  design_1_i/processing_system7_0/inst/FCLK_CLK0 | design_1_i/my_rotary_en_0/U0/my_rotary_en_v1_0_S00_AXI_inst/slv_reg1[7]_i_1_n_0                                                                                | design_1_i/my_rotary_en_0/U0/my_rotary_en_v1_0_S00_AXI_inst/axi_awready_i_1_n_0                                                     |                1 |              8 |         8.00 |
|  design_1_i/processing_system7_0/inst/FCLK_CLK0 | design_1_i/my_rotary_en_0/U0/my_rotary_en_v1_0_S00_AXI_inst/slv_reg0[7]_i_1_n_0                                                                                | design_1_i/my_rotary_en_0/U0/my_rotary_en_v1_0_S00_AXI_inst/axi_awready_i_1_n_0                                                     |                1 |              8 |         8.00 |
|  design_1_i/processing_system7_0/inst/FCLK_CLK0 | design_1_i/MATRIX_IPBLOK_DEF_0/U0/MATRIX_IPBLOK_DEF_v1_0_S00_AXI_inst/slv_reg0[31]_i_1_n_0                                                                     | design_1_i/MATRIX_IPBLOK_DEF_0/U0/MATRIX_IPBLOK_DEF_v1_0_S00_AXI_inst/axi_awready_i_1_n_0                                           |                1 |              8 |         8.00 |
|  design_1_i/processing_system7_0/inst/FCLK_CLK0 | design_1_i/my_rotary_en_0/U0/my_rotary_en_v1_0_S00_AXI_inst/p_1_in[15]                                                                                         | design_1_i/my_rotary_en_0/U0/my_rotary_en_v1_0_S00_AXI_inst/axi_awready_i_1_n_0                                                     |                1 |              8 |         8.00 |
|  design_1_i/processing_system7_0/inst/FCLK_CLK0 | design_1_i/my_rotary_en_0/U0/my_rotary_en_v1_0_S00_AXI_inst/p_1_in[7]                                                                                          | design_1_i/my_rotary_en_0/U0/my_rotary_en_v1_0_S00_AXI_inst/axi_awready_i_1_n_0                                                     |                1 |              8 |         8.00 |
|  design_1_i/processing_system7_0/inst/FCLK_CLK0 | design_1_i/my_rotary_en_0/U0/my_rotary_en_v1_0_S00_AXI_inst/p_1_in[31]                                                                                         | design_1_i/my_rotary_en_0/U0/my_rotary_en_v1_0_S00_AXI_inst/axi_awready_i_1_n_0                                                     |                3 |              8 |         2.67 |
|  design_1_i/processing_system7_0/inst/FCLK_CLK0 | design_1_i/my_rotary_en_0/U0/my_rotary_en_v1_0_S00_AXI_inst/p_1_in[23]                                                                                         | design_1_i/my_rotary_en_0/U0/my_rotary_en_v1_0_S00_AXI_inst/axi_awready_i_1_n_0                                                     |                1 |              8 |         8.00 |
|  design_1_i/processing_system7_0/inst/FCLK_CLK0 | design_1_i/MATRIX_IPBLOK_DEF_0/U0/MATRIX_IPBLOK_DEF_v1_0_S00_AXI_inst/slv_reg0[7]_i_1_n_0                                                                      | design_1_i/MATRIX_IPBLOK_DEF_0/U0/MATRIX_IPBLOK_DEF_v1_0_S00_AXI_inst/axi_awready_i_1_n_0                                           |                2 |              8 |         4.00 |
|  design_1_i/processing_system7_0/inst/FCLK_CLK0 | design_1_i/MATRIX_IPBLOK_DEF_0/U0/MATRIX_IPBLOK_DEF_v1_0_S00_AXI_inst/slv_reg2[15]_i_1_n_0                                                                     | design_1_i/MATRIX_IPBLOK_DEF_0/U0/MATRIX_IPBLOK_DEF_v1_0_S00_AXI_inst/axi_awready_i_1_n_0                                           |                2 |              8 |         4.00 |
|  design_1_i/processing_system7_0/inst/FCLK_CLK0 | design_1_i/my_rotary_en_0/U0/my_rotary_en_v1_0_S00_AXI_inst/slv_reg1[31]_i_1_n_0                                                                               | design_1_i/my_rotary_en_0/U0/my_rotary_en_v1_0_S00_AXI_inst/axi_awready_i_1_n_0                                                     |                1 |              8 |         8.00 |
|  design_1_i/processing_system7_0/inst/FCLK_CLK0 | design_1_i/MATRIX_IPBLOK_DEF_0/U0/MATRIX_IPBLOK_DEF_v1_0_S00_AXI_inst/slv_reg1[15]_i_1_n_0                                                                     | design_1_i/MATRIX_IPBLOK_DEF_0/U0/MATRIX_IPBLOK_DEF_v1_0_S00_AXI_inst/axi_awready_i_1_n_0                                           |                1 |              8 |         8.00 |
|  design_1_i/processing_system7_0/inst/FCLK_CLK0 | design_1_i/MATRIX_IPBLOK_DEF_0/U0/MATRIX_IPBLOK_DEF_v1_0_S00_AXI_inst/p_1_in[15]                                                                               | design_1_i/MATRIX_IPBLOK_DEF_0/U0/MATRIX_IPBLOK_DEF_v1_0_S00_AXI_inst/axi_awready_i_1_n_0                                           |                1 |              8 |         8.00 |
|  design_1_i/processing_system7_0/inst/FCLK_CLK0 | design_1_i/MATRIX_IPBLOK_DEF_0/U0/MATRIX_IPBLOK_DEF_v1_0_S00_AXI_inst/slv_reg1[23]_i_1_n_0                                                                     | design_1_i/MATRIX_IPBLOK_DEF_0/U0/MATRIX_IPBLOK_DEF_v1_0_S00_AXI_inst/axi_awready_i_1_n_0                                           |                2 |              8 |         4.00 |
|  design_1_i/processing_system7_0/inst/FCLK_CLK0 | design_1_i/MATRIX_IPBLOK_DEF_0/U0/MATRIX_IPBLOK_DEF_v1_0_S00_AXI_inst/slv_reg2[31]_i_1_n_0                                                                     | design_1_i/MATRIX_IPBLOK_DEF_0/U0/MATRIX_IPBLOK_DEF_v1_0_S00_AXI_inst/axi_awready_i_1_n_0                                           |                1 |              8 |         8.00 |
|  design_1_i/processing_system7_0/inst/FCLK_CLK0 | design_1_i/MATRIX_IPBLOK_DEF_0/U0/MATRIX_IPBLOK_DEF_v1_0_S00_AXI_inst/p_1_in[23]                                                                               | design_1_i/MATRIX_IPBLOK_DEF_0/U0/MATRIX_IPBLOK_DEF_v1_0_S00_AXI_inst/axi_awready_i_1_n_0                                           |                1 |              8 |         8.00 |
|  design_1_i/processing_system7_0/inst/FCLK_CLK0 | design_1_i/MATRIX_IPBLOK_DEF_0/U0/MATRIX_IPBLOK_DEF_v1_0_S00_AXI_inst/slv_reg1[31]_i_1_n_0                                                                     | design_1_i/MATRIX_IPBLOK_DEF_0/U0/MATRIX_IPBLOK_DEF_v1_0_S00_AXI_inst/axi_awready_i_1_n_0                                           |                1 |              8 |         8.00 |
|  design_1_i/processing_system7_0/inst/FCLK_CLK0 | design_1_i/MATRIX_IPBLOK_DEF_0/U0/MATRIX_IPBLOK_DEF_v1_0_S00_AXI_inst/p_1_in[7]                                                                                | design_1_i/MATRIX_IPBLOK_DEF_0/U0/MATRIX_IPBLOK_DEF_v1_0_S00_AXI_inst/axi_awready_i_1_n_0                                           |                1 |              8 |         8.00 |
|  design_1_i/processing_system7_0/inst/FCLK_CLK0 | design_1_i/MATRIX_IPBLOK_DEF_0/U0/MATRIX_IPBLOK_DEF_v1_0_S00_AXI_inst/slv_reg1[7]_i_1_n_0                                                                      | design_1_i/MATRIX_IPBLOK_DEF_0/U0/MATRIX_IPBLOK_DEF_v1_0_S00_AXI_inst/axi_awready_i_1_n_0                                           |                2 |              8 |         4.00 |
|  design_1_i/processing_system7_0/inst/FCLK_CLK0 | design_1_i/MATRIX_IPBLOK_DEF_0/U0/MATRIX_IPBLOK_DEF_v1_0_S00_AXI_inst/slv_reg2[23]_i_1_n_0                                                                     | design_1_i/MATRIX_IPBLOK_DEF_0/U0/MATRIX_IPBLOK_DEF_v1_0_S00_AXI_inst/axi_awready_i_1_n_0                                           |                1 |              8 |         8.00 |
|  design_1_i/processing_system7_0/inst/FCLK_CLK0 | design_1_i/ps7_0_axi_periph/s00_couplers/auto_pc/inst/gen_axilite.gen_b2s_conv.axilite_b2s/WR.b_channel_0/mhandshake_r                                         | design_1_i/ps7_0_axi_periph/s00_couplers/auto_pc/inst/gen_axilite.gen_b2s_conv.axilite_b2s/WR.b_channel_0/bid_fifo_0/SR[0]          |                3 |              8 |         2.67 |
|  design_1_i/processing_system7_0/inst/FCLK_CLK0 | design_1_i/MATRIX_IPBLOK_DEF_0/U0/MATRIX_IPBLOK_DEF_v1_0_S00_AXI_inst/slv_reg2[7]_i_1_n_0                                                                      | design_1_i/MATRIX_IPBLOK_DEF_0/U0/MATRIX_IPBLOK_DEF_v1_0_S00_AXI_inst/axi_awready_i_1_n_0                                           |                3 |              8 |         2.67 |
|  design_1_i/processing_system7_0/inst/FCLK_CLK0 | design_1_i/MATRIX_IPBLOK_DEF_0/U0/MATRIX_IPBLOK_DEF_v1_0_S00_AXI_inst/slv_reg0[15]_i_1_n_0                                                                     | design_1_i/MATRIX_IPBLOK_DEF_0/U0/MATRIX_IPBLOK_DEF_v1_0_S00_AXI_inst/axi_awready_i_1_n_0                                           |                1 |              8 |         8.00 |
|  design_1_i/processing_system7_0/inst/FCLK_CLK0 | design_1_i/MATRIX_IPBLOK_DEF_0/U0/MATRIX_IPBLOK_DEF_v1_0_S00_AXI_inst/slv_reg0[23]_i_1_n_0                                                                     | design_1_i/MATRIX_IPBLOK_DEF_0/U0/MATRIX_IPBLOK_DEF_v1_0_S00_AXI_inst/axi_awready_i_1_n_0                                           |                2 |              8 |         4.00 |
|  design_1_i/processing_system7_0/inst/FCLK_CLK0 |                                                                                                                                                                | design_1_i/MATRIX_IPBLOK_DEF_0/U0/MATRIX_IPBLOK_DEF_v1_0_S00_AXI_inst/axi_awready_i_1_n_0                                           |                4 |             10 |         2.50 |
|  design_1_i/processing_system7_0/inst/FCLK_CLK0 |                                                                                                                                                                | design_1_i/ps7_0_axi_periph/s00_couplers/auto_pc/inst/gen_axilite.gen_b2s_conv.axilite_b2s/areset_d1                                |                4 |             10 |         2.50 |
|  design_1_i/clk_wiz_0/inst/clk_out1             |                                                                                                                                                                |                                                                                                                                     |                5 |             10 |         2.00 |
|  design_1_i/processing_system7_0/inst/FCLK_CLK0 |                                                                                                                                                                | design_1_i/my_rotary_en_0/U0/my_rotary_en_v1_0_S00_AXI_inst/axi_awready_i_1_n_0                                                     |                4 |             10 |         2.50 |
|  design_1_i/processing_system7_0/inst/FCLK_CLK0 |                                                                                                                                                                | design_1_i/ps7_0_axi_periph/xbar/inst/gen_sasd.crossbar_sasd_0/addr_arbiter_inst/SR[0]                                              |                2 |             11 |         5.50 |
|  design_1_i/processing_system7_0/inst/FCLK_CLK0 | design_1_i/ps7_0_axi_periph/s00_couplers/auto_pc/inst/gen_axilite.gen_b2s_conv.axilite_b2s/RD.r_channel_0/r_push_r                                             |                                                                                                                                     |                4 |             13 |         3.25 |
|  design_1_i/processing_system7_0/inst/FCLK_CLK0 | design_1_i/ps7_0_axi_periph/s00_couplers/auto_pc/inst/gen_axilite.gen_b2s_conv.axilite_b2s/SI_REG/b.b_pipe/p_1_in                                              |                                                                                                                                     |                2 |             14 |         7.00 |
|  design_1_i/processing_system7_0/inst/FCLK_CLK0 | design_1_i/ps7_0_axi_periph/s00_couplers/auto_pc/inst/gen_axilite.gen_b2s_conv.axilite_b2s/SI_REG/b.b_pipe/s_ready_i_reg_0                                     |                                                                                                                                     |                2 |             14 |         7.00 |
|  design_1_i/processing_system7_0/inst/FCLK_CLK0 | design_1_i/ps7_0_axi_periph/s00_couplers/auto_pc/inst/gen_axilite.gen_b2s_conv.axilite_b2s/WR.b_channel_0/bid_fifo_0/sel                                       |                                                                                                                                     |                3 |             16 |         5.33 |
|  design_1_i/processing_system7_0/inst/FCLK_CLK0 | design_1_i/ps7_0_axi_periph/s00_couplers/auto_pc/inst/gen_axilite.gen_b2s_conv.axilite_b2s/WR.aw_channel_0/aw_cmd_fsm_0/E[0]                                   |                                                                                                                                     |                6 |             16 |         2.67 |
|  design_1_i/processing_system7_0/inst/FCLK_CLK0 | design_1_i/ps7_0_axi_periph/s00_couplers/auto_pc/inst/gen_axilite.gen_b2s_conv.axilite_b2s/RD.ar_channel_0/ar_cmd_fsm_0/m_valid_i_reg[0]                       |                                                                                                                                     |                6 |             16 |         2.67 |
|  design_1_i/processing_system7_0/inst/FCLK_CLK0 | design_1_i/ps7_0_axi_periph/xbar/inst/gen_sasd.crossbar_sasd_0/addr_arbiter_inst/p_0_in1_in                                                                    | design_1_i/ps7_0_axi_periph/xbar/inst/gen_sasd.crossbar_sasd_0/addr_arbiter_inst/SR[0]                                              |                7 |             18 |         2.57 |
|  design_1_i/processing_system7_0/inst/FCLK_CLK0 | design_1_i/my_rotary_en_0/U0/my_rotary_en_v1_0_S00_AXI_inst/rotaryEn/u0/en_s                                                                                   | design_1_i/my_rotary_en_0/U0/my_rotary_en_v1_0_S00_AXI_inst/rotaryEn/clear                                                          |                8 |             32 |         4.00 |
|  design_1_i/processing_system7_0/inst/FCLK_CLK0 | design_1_i/MATRIX_IPBLOK_DEF_0/U0/MATRIX_IPBLOK_DEF_v1_0_S00_AXI_inst/slv_reg_rden                                                                             | design_1_i/MATRIX_IPBLOK_DEF_0/U0/MATRIX_IPBLOK_DEF_v1_0_S00_AXI_inst/axi_awready_i_1_n_0                                           |               13 |             32 |         2.46 |
|  design_1_i/clk_wiz_0/inst/clk_out1             | design_1_i/MATRIX_IPBLOK_DEF_0/U0/MATRIX_IPBLOK_DEF_v1_0_S00_AXI_inst/core1/counter[31]_i_2_n_0                                                                | design_1_i/MATRIX_IPBLOK_DEF_0/U0/MATRIX_IPBLOK_DEF_v1_0_S00_AXI_inst/core1/counter[31]_i_1_n_0                                     |                8 |             32 |         4.00 |
|  design_1_i/clk_wiz_0/inst/clk_out1             | design_1_i/MATRIX_IPBLOK_DEF_0/U0/MATRIX_IPBLOK_DEF_v1_0_S00_AXI_inst/core1/delay_counter[0]_i_1_n_0                                                           |                                                                                                                                     |                8 |             32 |         4.00 |
|  design_1_i/processing_system7_0/inst/FCLK_CLK0 | design_1_i/my_rotary_en_0/U0/my_rotary_en_v1_0_S00_AXI_inst/slv_reg_rden                                                                                       | design_1_i/my_rotary_en_0/U0/my_rotary_en_v1_0_S00_AXI_inst/axi_awready_i_1_n_0                                                     |               12 |             32 |         2.67 |
|  design_1_i/processing_system7_0/inst/FCLK_CLK0 | design_1_i/ps7_0_axi_periph/s00_couplers/auto_pc/inst/gen_axilite.gen_b2s_conv.axilite_b2s/RD.r_channel_0/rd_data_fifo_0/wr_en0                                |                                                                                                                                     |                9 |             34 |         3.78 |
|  design_1_i/processing_system7_0/inst/FCLK_CLK0 | design_1_i/ps7_0_axi_periph/xbar/inst/gen_sasd.crossbar_sasd_0/addr_arbiter_inst/E[0]                                                                          |                                                                                                                                     |                6 |             35 |         5.83 |
|  design_1_i/processing_system7_0/inst/FCLK_CLK0 | design_1_i/ps7_0_axi_periph/s00_couplers/auto_pc/inst/gen_axilite.gen_b2s_conv.axilite_b2s/SI_REG/aw.aw_pipe/s_ready_i_reg_0                                   |                                                                                                                                     |                8 |             43 |         5.38 |
|  design_1_i/processing_system7_0/inst/FCLK_CLK0 | design_1_i/ps7_0_axi_periph/s00_couplers/auto_pc/inst/gen_axilite.gen_b2s_conv.axilite_b2s/WR.b_channel_0/bid_fifo_0/E[0]                                      |                                                                                                                                     |                7 |             43 |         6.14 |
|  design_1_i/processing_system7_0/inst/FCLK_CLK0 | design_1_i/ps7_0_axi_periph/s00_couplers/auto_pc/inst/gen_axilite.gen_b2s_conv.axilite_b2s/RD.ar_channel_0/ar_cmd_fsm_0/m_valid_i_reg_1[0]                     |                                                                                                                                     |                9 |             43 |         4.78 |
|  design_1_i/processing_system7_0/inst/FCLK_CLK0 | design_1_i/ps7_0_axi_periph/s00_couplers/auto_pc/inst/gen_axilite.gen_b2s_conv.axilite_b2s/SI_REG/ar.ar_pipe/s_ready_i_reg_0                                   |                                                                                                                                     |               12 |             43 |         3.58 |
|  design_1_i/processing_system7_0/inst/FCLK_CLK0 | design_1_i/ps7_0_axi_periph/s00_couplers/auto_pc/inst/gen_axilite.gen_b2s_conv.axilite_b2s/SI_REG/r.r_pipe/s_ready_i_reg_0                                     |                                                                                                                                     |                8 |             47 |         5.88 |
|  design_1_i/processing_system7_0/inst/FCLK_CLK0 | design_1_i/ps7_0_axi_periph/s00_couplers/auto_pc/inst/gen_axilite.gen_b2s_conv.axilite_b2s/SI_REG/r.r_pipe/p_1_in                                              |                                                                                                                                     |                7 |             47 |         6.71 |
|  design_1_i/processing_system7_0/inst/FCLK_CLK0 |                                                                                                                                                                |                                                                                                                                     |               44 |            165 |         3.75 |
+-------------------------------------------------+----------------------------------------------------------------------------------------------------------------------------------------------------------------+-------------------------------------------------------------------------------------------------------------------------------------+------------------+----------------+--------------+


