19:52:35 **** Incremental Build of configuration Debug for project Game ****
make all 
make --no-print-directory pre-build
a9-linaro-pre-build-step
' '
make --no-print-directory main-build
'Building file: ../src/freertos_hello_world.c'
'Invoking: ARM v7 gcc compiler'
arm-none-eabi-gcc -Wall -O0 -g3 -c -fmessage-length=0 -MT"src/freertos_hello_world.o" -mcpu=cortex-a9 -mfpu=vfpv3 -mfloat-abi=hard -IC:/Users/cyril/EOS/Eindoefening/EOS/Game_EOS/design_1_wrapper/export/design_1_wrapper/sw/design_1_wrapper/domain_ps7_cortexa9_0/bspinclude/include -MMD -MP -MF"src/freertos_hello_world.d" -MT"src/freertos_hello_world.o" -o "src/freertos_hello_world.o" "../src/freertos_hello_world.c"
../src/freertos_hello_world.c:15:10: fatal error: FreeRTOS.h: No such file or directory
   15 | #include "FreeRTOS.h"
      |          ^~~~~~~~~~~~
compilation terminated.
'Finished building: ../src/freertos_hello_world.c'
' '
'Building target: Game.elf'
'Invoking: ARM v7 gcc linker'
arm-none-eabi-gcc -mcpu=cortex-a9 -mfpu=vfpv3 -mfloat-abi=hard -Wl,-build-id=none -specs=Xilinx.spec -Wl,-T -Wl,../src/lscript.ld -LC:/Users/cyril/EOS/Eindoefening/EOS/Game_EOS/design_1_wrapper/export/design_1_wrapper/sw/design_1_wrapper/domain_ps7_cortexa9_0/bsplib/lib -o "Game.elf"  ./src/freertos_hello_world.o   -Wl,--start-group,-lxil,-lfreertos,-lgcc,-lc,--end-group
arm-xilinx-eabi-gcc.exe: error: ./src/freertos_hello_world.o: No such file or directory
'Finished building target: Game.elf'
' '
'Invoking: ARM v7 Print Size'
arm-none-eabi-size Game.elf  |tee "Game.elf.size"
arm-none-eabi-size: 'Game.elf': No such file
'Finished building: Game.elf.size'
' '

19:52:36 Build Finished (took 430ms)

